[w.tuybutky.com/524.html]
[backblue.gif]
[fade.gif]
[index.html]
[w.ladicdn.com_443/5e51ff6161a254079fc6d2ed/cropped-wedding-ring-192x192-20230618152654-h8x0_.png]
[w.ladicdn.com/v4/source/ladipagev3.min041e.js]
[w.ladicdn.com/s600x700/5e51ff6161a254079fc6d2ed/img-6-20230616082631-vrp1c.png]
[w.ladicdn.com/s650x850/5e51ff6161a254079fc6d2ed/6qa-20230616082334-vzf_e.jpg]
[w.ladicdn.com/s650x850/5e51ff6161a254079fc6d2ed/ml5-20230616083051-n_vwi.png]
[w.ladicdn.com/s350x350/5e51ff6161a254079fc6d2ed/map-20230609064430-sfof6.png]
[w.ladicdn.com/s400x500/5e51ff6161a254079fc6d2ed/eventime1-20230616083031-xm7pd.png]
[w.ladicdn.com/s400x500/5e51ff6161a254079fc6d2ed/eventime2-20230616083032-ifn-l.png]
[w.ladicdn.com/s550x550/5e51ff6161a254079fc6d2ed/z4196275621295_42b85206db0b617088891e8189816010-20230616083124-hr4jb.jpg]
[w.ladicdn.com/s700x700/5e51ff6161a254079fc6d2ed/qr-minhlong-quynhanh-20230616083051-vxxfo.png]
[w.ladicdn.com/s1440x486/5e51ff6161a254079fc6d2ed/muslims-hero-bg-20230616081931-wmmk3.jpg]
[w.ladicdn.com/s600x650/5e51ff6161a254079fc6d2ed/shape-4-20230616083124-sfw8e.png]
[w.ladicdn.com/s1900x950/5e51ff6161a254079fc6d2ed/muslims-hero-bg-20230616081931-wmmk3.jpg]
[w.ladicdn.com/s750x600/5e51ff6161a254079fc6d2ed/savethedates-20230616083051-cz7di.png]
[w.ladicdn.com/s450x500/5e51ff6161a254079fc6d2ed/nhu-quynh-1-20230616083051-twuin.png]
[w.ladicdn.com/s600x350/5e51ff6161a254079fc6d2ed/gtaq-20230616083032-y2nlu.png]
[w.ladicdn.com/s1440x653/5e51ff6161a254079fc6d2ed/chup-hinh-cuoi-phim-truong-vu-garden-33-scaled-1-2048x1365-20230616083009-76elv.jpg]
[w.ladicdn.com/s1100x850/5e51ff6161a254079fc6d2ed/chup-hinh-cuoi-phim-truong-vu-garden-35-2048x1365-1-20230616083030-dekhh.jpg]
[w.ladicdn.com/s650x800/5e51ff6161a254079fc6d2ed/chup-hinh-cuoi-phim-truong-vu-garden-24-scaled-1-20230616083006-2i6op.jpg]
[w.ladicdn.com/s650x800/5e51ff6161a254079fc6d2ed/chup-hinh-cuoi-phim-truong-vu-garden-29-20230616083006-radsi.jpg]
[w.ladicdn.com/s1000x800/5e51ff6161a254079fc6d2ed/chup-hinh-cuoi-phim-truong-vu-garden-36-scaled-1-20230616083031-i4ufj.jpg]
[w.ladicdn.com/s600x700/5e51ff6161a254079fc6d2ed/chup-hinh-cuoi-phim-truong-vu-garden-15-scaled-1-20230616083006-o0kdu.jpg]
[w.ladicdn.com/s600x700/5e51ff6161a254079fc6d2ed/chup-hinh-cuoi-phim-truong-vu-garden-26-scaled-1-20230616083006-8zopo.jpg]
[w.ladicdn.com/s600x500/5e51ff6161a254079fc6d2ed/chup-hinh-cuoi-phim-truong-vu-garden-32-2048x1365-1-20230616083006-whwhi.jpg]
[w.ladicdn.com/s600x500/5e51ff6161a254079fc6d2ed/chup-hinh-cuoi-phim-truong-vu-garden-33-scaled-1-2048x1365-20230616083009-76elv.jpg]
[w.ladicdn.com/s600x700/5e51ff6161a254079fc6d2ed/chup-hinh-cuoi-phim-truong-vu-garden-8-scaled-1-20230616083006-wfmdz.jpg]
[w.ladicdn.com/s600x500/5e51ff6161a254079fc6d2ed/chup-hinh-cuoi-phim-truong-vu-garden-35-2048x1365-1-20230616083030-dekhh.jpg]
[w.ladicdn.com/s600x500/5e51ff6161a254079fc6d2ed/chup-hinh-cuoi-phim-truong-vu-garden-36-scaled-1-20230616083031-i4ufj.jpg]
[w.ladicdn.com/s600x700/5e51ff6161a254079fc6d2ed/chup-hinh-cuoi-phim-truong-vu-garden-29-20230616083006-radsi.jpg]
[w.ladicdn.com/s600x700/5e51ff6161a254079fc6d2ed/ml5-20230616083051-n_vwi.png]
[w.ladicdn.com/s600x700/5e51ff6161a254079fc6d2ed/6qa-20230616083005-rlgww.jpg]
[w.ladicdn.com/s700x700/5e51ff6161a254079fc6d2ed/nhan-20230616083051-uifyf.png]
[w.ladicdn.com/s450x400/5e51ff6161a254079fc6d2ed/ictiec1-20230616083032-l7p2i.png]
[w.ladicdn.com/s400x450/5e51ff6161a254079fc6d2ed/icon-glass-copy-20230616083032-1gxzj.png]
[w.ladicdn.com/s400x450/5e51ff6161a254079fc6d2ed/icontiec2-20230616083032--vh9o.png]
[w.ladicdn.com/s900x1200/5e51ff6161a254079fc6d2ed/chup-hinh-cuoi-phim-truong-vu-garden-26-scaled-1-20230616083006-8zopo.jpg]
[w.ladicdn.com/s900x450/5e51ff6161a254079fc6d2ed/ct_footer-20230616083031-37-dk.png]
[w.ladicdn.com/s768x289/5e51ff6161a254079fc6d2ed/muslims-hero-bg-20230616081931-wmmk3.jpg]
[w.ladicdn.com/s550x550/5e51ff6161a254079fc6d2ed/shape-4-20230616083124-sfw8e.png]
[w.ladicdn.com/s1250x700/5e51ff6161a254079fc6d2ed/muslims-hero-bg-20230616081931-wmmk3.jpg]
[w.ladicdn.com/s600x500/5e51ff6161a254079fc6d2ed/savethedates-20230616083051-cz7di.png]
[w.ladicdn.com/s400x450/5e51ff6161a254079fc6d2ed/nhu-quynh-1-20230616083051-twuin.png]
[w.ladicdn.com/s550x350/5e51ff6161a254079fc6d2ed/gtaq-20230616083032-y2nlu.png]
[w.ladicdn.com/s768x478/5e51ff6161a254079fc6d2ed/chup-hinh-cuoi-phim-truong-vu-garden-33-scaled-1-2048x1365-20230616083009-76elv.jpg]
[w.ladicdn.com/s700x550/5e51ff6161a254079fc6d2ed/chup-hinh-cuoi-phim-truong-vu-garden-35-2048x1365-1-20230616083030-dekhh.jpg]
[w.ladicdn.com/s700x900/5e51ff6161a254079fc6d2ed/chup-hinh-cuoi-phim-truong-vu-garden-24-scaled-1-20230616083006-2i6op.jpg]
[w.ladicdn.com/s700x900/5e51ff6161a254079fc6d2ed/chup-hinh-cuoi-phim-truong-vu-garden-29-20230616083006-radsi.jpg]
[w.ladicdn.com/s700x600/5e51ff6161a254079fc6d2ed/chup-hinh-cuoi-phim-truong-vu-garden-36-scaled-1-20230616083031-i4ufj.jpg]
[w.ladicdn.com/s500x600/5e51ff6161a254079fc6d2ed/chup-hinh-cuoi-phim-truong-vu-garden-15-scaled-1-20230616083006-o0kdu.jpg]
[w.ladicdn.com/s500x600/5e51ff6161a254079fc6d2ed/chup-hinh-cuoi-phim-truong-vu-garden-26-scaled-1-20230616083006-8zopo.jpg]
[w.ladicdn.com/s500x450/5e51ff6161a254079fc6d2ed/chup-hinh-cuoi-phim-truong-vu-garden-32-2048x1365-1-20230616083006-whwhi.jpg]
[w.ladicdn.com/s500x450/5e51ff6161a254079fc6d2ed/chup-hinh-cuoi-phim-truong-vu-garden-33-scaled-1-2048x1365-20230616083009-76elv.jpg]
[w.ladicdn.com/s500x600/5e51ff6161a254079fc6d2ed/chup-hinh-cuoi-phim-truong-vu-garden-8-scaled-1-20230616083006-wfmdz.jpg]
[w.ladicdn.com/s500x450/5e51ff6161a254079fc6d2ed/chup-hinh-cuoi-phim-truong-vu-garden-35-2048x1365-1-20230616083030-dekhh.jpg]
[w.ladicdn.com/s500x450/5e51ff6161a254079fc6d2ed/chup-hinh-cuoi-phim-truong-vu-garden-36-scaled-1-20230616083031-i4ufj.jpg]
[w.ladicdn.com/s500x600/5e51ff6161a254079fc6d2ed/chup-hinh-cuoi-phim-truong-vu-garden-29-20230616083006-radsi.jpg]
[w.ladicdn.com/s500x600/5e51ff6161a254079fc6d2ed/ml5-20230616083051-n_vwi.png]
[w.ladicdn.com/s500x600/5e51ff6161a254079fc6d2ed/6qa-20230616083005-rlgww.jpg]
[w.ladicdn.com/s550x550/5e51ff6161a254079fc6d2ed/nhan-20230616083051-uifyf.png]
[w.ladicdn.com/s400x400/5e51ff6161a254079fc6d2ed/ictiec1-20230616083032-l7p2i.png]
[w.ladicdn.com/s400x400/5e51ff6161a254079fc6d2ed/icon-glass-copy-20230616083032-1gxzj.png]
[w.ladicdn.com/s400x400/5e51ff6161a254079fc6d2ed/icontiec2-20230616083032--vh9o.png]
[w.ladicdn.com/s750x950/5e51ff6161a254079fc6d2ed/chup-hinh-cuoi-phim-truong-vu-garden-26-scaled-1-20230616083006-8zopo.jpg]
[w.ladicdn.com/s750x400/5e51ff6161a254079fc6d2ed/ct_footer-20230616083031-37-dk.png]
[s.zzcdn.me/ztr/ztrackerc662.js]
[w.tuybutky.com/524.html]
[g.ladicdn.com/tracking/5e51ff6161a254079fc6d2ed-647335fbd3b64a00123b4232.js]
